<?xml version="1.0" encoding="UTF-8"?>
<testsuite xmlns:xsi="http://www.w3.org/2001/XMLSchema-instance" xsi:noNamespaceSchemaLocation="https://maven.apache.org/surefire/maven-surefire-plugin/xsd/surefire-test-report-3.0.xsd" version="3.0" name="com.example.shop.OrderServiceTest" time="0.006" tests="8" errors="0" skipped="0" failures="0">
  <properties>
[...]
</properties>
  <testcase name="processOrder_unknownPayment_throwsAndOrderRemainsCreated" classname="com.example.shop.OrderServiceTest" time="0.001"/>
  <testcase name="processOrder_studentDiscount_returnsDiscountedTotalPlusTaxAndMarksPaid" classname="com.example.shop.OrderServiceTest" time="0.001"/>
  <testcase name="processOrder_nullPayment_returnsZeroAndCancelsOrder" classname="com.example.shop.OrderServiceTest" time="0.0"/>
  <testcase name="processOrder_cryptoPayment_returnsZeroAndCancelsOrder" classname="com.example.shop.OrderServiceTest" time="0.0"/>
  <testcase name="processOrder_validNoDiscount_returnsSubtotalPlusTaxAndMarksPaid" classname="com.example.shop.OrderServiceTest" time="0.0"/>
  <testcase name="processOrder_invalidDiscount_throwsAndOrderRemainsCreated" classname="com.example.shop.OrderServiceTest" time="0.0"/>
  <testcase name="processOrder_emptyOrderWithValidPayment_returnsZeroAndMarksPaid" classname="com.example.shop.OrderServiceTest" time="0.001"/>
  <testcase name="processOrder_blackFridayDiscount_returnsDiscountedTotalPlusTaxAndMarksPaid" classname="com.example.shop.OrderServiceTest" time="0.0"/>
</testsuite>